2025-08-11 15:19:38,292 - INFO - Reading config file
2025-08-11 15:19:38,305 - INFO - Reading Spreadsheet
2025-08-12 11:59:23,330 - INFO - Reading config file
2025-08-12 11:59:23,331 - INFO - Reading Spreadsheet
2025-08-12 12:00:48,161 - INFO - Reading config file
2025-08-12 12:00:48,161 - INFO - Reading Spreadsheet
2025-08-12 12:01:21,963 - INFO - Reading config file
2025-08-12 12:01:21,963 - INFO - Reading Spreadsheet
2025-08-12 12:08:51,169 - INFO - Reading config file
2025-08-12 12:08:51,170 - INFO - Reading Spreadsheet
2025-08-12 12:15:08,233 - INFO - Reading config file
2025-08-12 12:15:08,233 - INFO - Reading Spreadsheet
2025-08-12 12:29:45,052 - INFO - Reading config file
2025-08-12 12:29:45,053 - INFO - Reading Spreadsheet
2025-08-12 12:31:20,339 - INFO - Reading config file
2025-08-12 12:31:20,340 - INFO - Reading Spreadsheet
2025-08-12 12:34:28,027 - INFO - Reading config file
2025-08-12 12:34:28,029 - INFO - Reading Spreadsheet
2025-08-12 12:37:13,029 - INFO - Reading config file
2025-08-12 12:37:13,029 - INFO - Reading Spreadsheet
2025-08-12 12:43:16,541 - INFO - Reading config file
2025-08-12 12:43:16,542 - INFO - Reading Spreadsheet
2025-08-12 12:47:58,828 - INFO - Reading config file
2025-08-12 12:47:58,829 - INFO - Reading Spreadsheet
2025-08-12 07:56:04,453 - INFO - Reading config file
2025-08-12 07:56:04,453 - INFO - Reading Spreadsheet
2025-08-12 07:56:09,704 - ERROR - Internal Server Error: /digest/
Traceback (most recent call last):
  File "/home/dell/pranalisambrekar/WSS_TASK/GOZOOM_MORNING_BRIEF_DJANGO/venv/lib/python3.10/site-packages/django/core/handlers/exception.py", line 55, in inner
    response = get_response(request)
  File "/home/dell/pranalisambrekar/WSS_TASK/GOZOOM_MORNING_BRIEF_DJANGO/venv/lib/python3.10/site-packages/django/core/handlers/base.py", line 197, in _get_response
    response = wrapped_callback(request, *callback_args, **callback_kwargs)
  File "/home/dell/pranalisambrekar/WSS_TASK/GOZOOM_MORNING_BRIEF_DJANGO/app/views.py", line 10, in digest_view
    return render(request, 'digest_template.html', {'data': user_tasks})
  File "/home/dell/pranalisambrekar/WSS_TASK/GOZOOM_MORNING_BRIEF_DJANGO/venv/lib/python3.10/site-packages/django/shortcuts.py", line 24, in render
    content = loader.render_to_string(template_name, context, request, using=using)
  File "/home/dell/pranalisambrekar/WSS_TASK/GOZOOM_MORNING_BRIEF_DJANGO/venv/lib/python3.10/site-packages/django/template/loader.py", line 61, in render_to_string
    template = get_template(template_name, using=using)
  File "/home/dell/pranalisambrekar/WSS_TASK/GOZOOM_MORNING_BRIEF_DJANGO/venv/lib/python3.10/site-packages/django/template/loader.py", line 15, in get_template
    return engine.get_template(template_name)
  File "/home/dell/pranalisambrekar/WSS_TASK/GOZOOM_MORNING_BRIEF_DJANGO/venv/lib/python3.10/site-packages/django/template/backends/django.py", line 33, in get_template
    return Template(self.engine.get_template(template_name), self)
  File "/home/dell/pranalisambrekar/WSS_TASK/GOZOOM_MORNING_BRIEF_DJANGO/venv/lib/python3.10/site-packages/django/template/engine.py", line 175, in get_template
    template, origin = self.find_template(template_name)
  File "/home/dell/pranalisambrekar/WSS_TASK/GOZOOM_MORNING_BRIEF_DJANGO/venv/lib/python3.10/site-packages/django/template/engine.py", line 157, in find_template
    template = loader.get_template(name, skip=skip)
  File "/home/dell/pranalisambrekar/WSS_TASK/GOZOOM_MORNING_BRIEF_DJANGO/venv/lib/python3.10/site-packages/django/template/loaders/cached.py", line 57, in get_template
    template = super().get_template(template_name, skip)
  File "/home/dell/pranalisambrekar/WSS_TASK/GOZOOM_MORNING_BRIEF_DJANGO/venv/lib/python3.10/site-packages/django/template/loaders/base.py", line 28, in get_template
    return Template(
  File "/home/dell/pranalisambrekar/WSS_TASK/GOZOOM_MORNING_BRIEF_DJANGO/venv/lib/python3.10/site-packages/django/template/base.py", line 154, in __init__
    self.nodelist = self.compile_nodelist()
  File "/home/dell/pranalisambrekar/WSS_TASK/GOZOOM_MORNING_BRIEF_DJANGO/venv/lib/python3.10/site-packages/django/template/base.py", line 200, in compile_nodelist
    return parser.parse()
  File "/home/dell/pranalisambrekar/WSS_TASK/GOZOOM_MORNING_BRIEF_DJANGO/venv/lib/python3.10/site-packages/django/template/base.py", line 513, in parse
    raise self.error(token, e)
  File "/home/dell/pranalisambrekar/WSS_TASK/GOZOOM_MORNING_BRIEF_DJANGO/venv/lib/python3.10/site-packages/django/template/base.py", line 511, in parse
    compiled_result = compile_func(self, token)
  File "/home/dell/pranalisambrekar/WSS_TASK/GOZOOM_MORNING_BRIEF_DJANGO/venv/lib/python3.10/site-packages/django/template/defaulttags.py", line 953, in do_if
    nodelist = parser.parse(("elif", "else", "endif"))
  File "/home/dell/pranalisambrekar/WSS_TASK/GOZOOM_MORNING_BRIEF_DJANGO/venv/lib/python3.10/site-packages/django/template/base.py", line 513, in parse
    raise self.error(token, e)
  File "/home/dell/pranalisambrekar/WSS_TASK/GOZOOM_MORNING_BRIEF_DJANGO/venv/lib/python3.10/site-packages/django/template/base.py", line 511, in parse
    compiled_result = compile_func(self, token)
  File "/home/dell/pranalisambrekar/WSS_TASK/GOZOOM_MORNING_BRIEF_DJANGO/venv/lib/python3.10/site-packages/django/template/defaulttags.py", line 853, in do_for
    nodelist_loop = parser.parse(
  File "/home/dell/pranalisambrekar/WSS_TASK/GOZOOM_MORNING_BRIEF_DJANGO/venv/lib/python3.10/site-packages/django/template/base.py", line 513, in parse
    raise self.error(token, e)
  File "/home/dell/pranalisambrekar/WSS_TASK/GOZOOM_MORNING_BRIEF_DJANGO/venv/lib/python3.10/site-packages/django/template/base.py", line 511, in parse
    compiled_result = compile_func(self, token)
  File "/home/dell/pranalisambrekar/WSS_TASK/GOZOOM_MORNING_BRIEF_DJANGO/venv/lib/python3.10/site-packages/django/template/defaulttags.py", line 952, in do_if
    condition = TemplateIfParser(parser, bits).parse()
  File "/home/dell/pranalisambrekar/WSS_TASK/GOZOOM_MORNING_BRIEF_DJANGO/venv/lib/python3.10/site-packages/django/template/smartif.py", line 197, in parse
    raise self.error_class(
django.template.exceptions.TemplateSyntaxError: Unused '2' at end of if expression.
2025-08-12 07:58:36,259 - INFO - /home/dell/pranalisambrekar/WSS_TASK/GOZOOM_MORNING_BRIEF_DJANGO/app/models.py changed, reloading.
2025-08-12 08:17:29,750 - INFO - Reading config file
2025-08-12 08:17:29,750 - INFO - Reading Spreadsheet
